{
"contracts\\mocks\\VRFCoordinatorV2Mock.sol":{"l":{},"path":"D:\\blockchain-fcc\\hardhat-smart-contract-lottery\\contract\\contracts\\mocks\\VRFCoordinatorV2Mock.sol","s":{},"b":{},"f":{},"fnMap":{},"statementMap":{},"branchMap":{}},
"contracts\\Raffle.sol":{"l":{"62":3,"63":3,"64":3,"65":3,"66":3,"67":3,"68":3,"69":3,"73":5,"74":1,"76":4,"77":1,"79":3,"82":3,"99":1,"100":1,"101":1,"102":1,"103":1,"111":1,"112":1,"113":0,"119":1,"120":1,"128":1,"136":0,"137":0,"138":0,"139":0,"140":0,"141":0,"142":0,"143":0,"145":0,"147":0,"151":5,"156":1,"160":0,"164":1,"168":0,"172":0,"176":0,"180":0,"184":6},"path":"D:\\blockchain-fcc\\hardhat-smart-contract-lottery\\contract\\contracts\\Raffle.sol","s":{"1":3,"2":3,"3":3,"4":3,"5":3,"6":3,"7":3,"8":3,"9":5,"10":4,"11":3,"12":3,"13":1,"14":1,"15":1,"16":1,"17":1,"18":1,"19":1,"20":1,"21":1,"22":1,"23":0,"24":0,"25":0,"26":0,"27":0,"28":0,"29":0,"30":0,"31":0,"32":5,"33":1,"34":0,"35":1,"36":0,"37":0,"38":0,"39":0,"40":6},"b":{"1":[1,4],"2":[1,3],"3":[0,1],"4":[0,0]},"f":{"1":3,"2":5,"3":1,"4":1,"5":0,"6":5,"7":1,"8":0,"9":1,"10":0,"11":0,"12":0,"13":0,"14":6},"fnMap":{"1":{"name":"constructor","line":61,"loc":{"start":{"line":54,"column":4},"end":{"line":70,"column":4}}},"2":{"name":"enterRaffle","line":72,"loc":{"start":{"line":72,"column":4},"end":{"line":83,"column":4}}},"3":{"name":"checkUpkeep","line":89,"loc":{"start":{"line":89,"column":4},"end":{"line":104,"column":4}}},"4":{"name":"performUpkeep","line":107,"loc":{"start":{"line":107,"column":4},"end":{"line":129,"column":4}}},"5":{"name":"fulfillRandomWords","line":131,"loc":{"start":{"line":131,"column":4},"end":{"line":148,"column":4}}},"6":{"name":"getEntranceFee","line":150,"loc":{"start":{"line":150,"column":4},"end":{"line":153,"column":4}}},"7":{"name":"getPlayer","line":155,"loc":{"start":{"line":155,"column":4},"end":{"line":157,"column":4}}},"8":{"name":"getRecentWinner","line":159,"loc":{"start":{"line":159,"column":4},"end":{"line":161,"column":4}}},"9":{"name":"getRaffleState","line":163,"loc":{"start":{"line":163,"column":4},"end":{"line":165,"column":4}}},"10":{"name":"getNumWords","line":167,"loc":{"start":{"line":167,"column":4},"end":{"line":169,"column":4}}},"11":{"name":"getNumberOfPlayers","line":171,"loc":{"start":{"line":171,"column":4},"end":{"line":173,"column":4}}},"12":{"name":"getLatestTimestamp","line":175,"loc":{"start":{"line":175,"column":4},"end":{"line":177,"column":4}}},"13":{"name":"getRequestConfirmations","line":179,"loc":{"start":{"line":179,"column":4},"end":{"line":181,"column":4}}},"14":{"name":"getInterval","line":183,"loc":{"start":{"line":183,"column":4},"end":{"line":185,"column":4}}}},"statementMap":{"1":{"start":{"line":62,"column":8},"end":{"line":62,"column":34}},"2":{"start":{"line":63,"column":8},"end":{"line":63,"column":69}},"3":{"start":{"line":64,"column":8},"end":{"line":64,"column":27}},"4":{"start":{"line":65,"column":8},"end":{"line":65,"column":40}},"5":{"start":{"line":66,"column":8},"end":{"line":66,"column":44}},"6":{"start":{"line":67,"column":8},"end":{"line":67,"column":39}},"7":{"start":{"line":68,"column":8},"end":{"line":68,"column":40}},"8":{"start":{"line":69,"column":8},"end":{"line":69,"column":28}},"9":{"start":{"line":73,"column":8},"end":{"line":73,"column":2540}},"10":{"start":{"line":76,"column":8},"end":{"line":76,"column":2644}},"11":{"start":{"line":79,"column":8},"end":{"line":79,"column":42}},"12":{"start":{"line":82,"column":8},"end":{"line":82,"column":36}},"13":{"start":{"line":99,"column":8},"end":{"line":99,"column":57}},"14":{"start":{"line":100,"column":8},"end":{"line":100,"column":76}},"15":{"start":{"line":101,"column":8},"end":{"line":101,"column":48}},"16":{"start":{"line":102,"column":8},"end":{"line":102,"column":51}},"17":{"start":{"line":103,"column":8},"end":{"line":103,"column":72}},"18":{"start":{"line":111,"column":8},"end":{"line":111,"column":47}},"19":{"start":{"line":112,"column":8},"end":{"line":112,"column":3859}},"20":{"start":{"line":119,"column":8},"end":{"line":119,"column":46}},"21":{"start":{"line":120,"column":8},"end":{"line":120,"column":4127}},"22":{"start":{"line":128,"column":8},"end":{"line":128,"column":45}},"23":{"start":{"line":136,"column":8},"end":{"line":136,"column":65}},"24":{"start":{"line":137,"column":8},"end":{"line":137,"column":63}},"25":{"start":{"line":138,"column":8},"end":{"line":138,"column":36}},"26":{"start":{"line":139,"column":8},"end":{"line":139,"column":43}},"27":{"start":{"line":140,"column":8},"end":{"line":140,"column":40}},"28":{"start":{"line":141,"column":8},"end":{"line":141,"column":78}},"29":{"start":{"line":142,"column":8},"end":{"line":142,"column":5170}},"30":{"start":{"line":145,"column":8},"end":{"line":145,"column":39}},"31":{"start":{"line":147,"column":8},"end":{"line":147,"column":39}},"32":{"start":{"line":151,"column":8},"end":{"line":151,"column":28}},"33":{"start":{"line":156,"column":8},"end":{"line":156,"column":34}},"34":{"start":{"line":160,"column":8},"end":{"line":160,"column":29}},"35":{"start":{"line":164,"column":8},"end":{"line":164,"column":28}},"36":{"start":{"line":168,"column":8},"end":{"line":168,"column":24}},"37":{"start":{"line":172,"column":8},"end":{"line":172,"column":31}},"38":{"start":{"line":176,"column":8},"end":{"line":176,"column":30}},"39":{"start":{"line":180,"column":8},"end":{"line":180,"column":36}},"40":{"start":{"line":184,"column":8},"end":{"line":184,"column":25}}},"branchMap":{"1":{"line":73,"type":"if","locations":[{"start":{"line":73,"column":8},"end":{"line":73,"column":8}},{"start":{"line":73,"column":8},"end":{"line":73,"column":8}}]},"2":{"line":76,"type":"if","locations":[{"start":{"line":76,"column":8},"end":{"line":76,"column":8}},{"start":{"line":76,"column":8},"end":{"line":76,"column":8}}]},"3":{"line":112,"type":"if","locations":[{"start":{"line":112,"column":8},"end":{"line":112,"column":8}},{"start":{"line":112,"column":8},"end":{"line":112,"column":8}}]},"4":{"line":142,"type":"if","locations":[{"start":{"line":142,"column":8},"end":{"line":142,"column":8}},{"start":{"line":142,"column":8},"end":{"line":142,"column":8}}]}}}}
